<?xml version="1.0" encoding="UTF-8"?>
<robot generator="Robot 6.1.1 (Python 3.12.1 on win32)" generated="20231223 17:30:26.390" rpa="false" schemaversion="4">
<suite id="s1" name="Test-Suite-1" source="C:\Users\HP\Documents\Testign QA\Basic Automation\basic-automation-main\basic-automation-main\project-demo\test-suite-1.robot">
<test id="s1-t1" name="testcase-1" line="23">
<kw name="Login Success">
<kw name="Open Browser" library="SeleniumLibrary">
<arg>${HOST}</arg>
<arg>${BROWSER}</arg>
<doc>Opens a new browser instance to the optional ``url``.</doc>
<msg timestamp="20231223 17:30:26.525" level="INFO">Opening browser 'chrome' to base url 'http://localhost/testqa/login-main/'.</msg>
<status status="PASS" starttime="20231223 17:30:26.510" endtime="20231223 17:30:36.036"/>
</kw>
<kw name="Input Text" library="SeleniumLibrary">
<arg>name:username</arg>
<arg>${EMAIL}</arg>
<doc>Types the given ``text`` into the text field identified by ``locator``.</doc>
<msg timestamp="20231223 17:30:36.040" level="INFO">Typing text 'masrud' into text field 'name:username'.</msg>
<status status="PASS" starttime="20231223 17:30:36.036" endtime="20231223 17:30:36.177"/>
</kw>
<kw name="Input Text" library="SeleniumLibrary">
<arg>name:password</arg>
<arg>${PASS-1}</arg>
<doc>Types the given ``text`` into the text field identified by ``locator``.</doc>
<msg timestamp="20231223 17:30:36.177" level="INFO">Typing text 'masrud.com' into text field 'name:password'.</msg>
<status status="PASS" starttime="20231223 17:30:36.177" endtime="20231223 17:30:36.283"/>
</kw>
<kw name="Click Element" library="SeleniumLibrary">
<arg>xpath://button[@type='submit']</arg>
<doc>Click the element identified by ``locator``.</doc>
<msg timestamp="20231223 17:30:36.283" level="INFO">Clicking element 'xpath://button[@type='submit']'.</msg>
<status status="PASS" starttime="20231223 17:30:36.283" endtime="20231223 17:30:36.537"/>
</kw>
<status status="PASS" starttime="20231223 17:30:26.510" endtime="20231223 17:30:36.537"/>
</kw>
<kw name="Close Browser" library="SeleniumLibrary">
<doc>Closes the current browser.</doc>
<status status="PASS" starttime="20231223 17:30:36.537" endtime="20231223 17:30:38.789"/>
</kw>
<status status="PASS" starttime="20231223 17:30:26.510" endtime="20231223 17:30:38.789"/>
</test>
<test id="s1-t2" name="testcase-2" line="28">
<kw name="Open Browser" library="SeleniumLibrary">
<arg>${HOST}</arg>
<arg>${BROWSER}</arg>
<doc>Opens a new browser instance to the optional ``url``.</doc>
<msg timestamp="20231223 17:30:38.789" level="INFO">Opening browser 'chrome' to base url 'http://localhost/testqa/login-main/'.</msg>
<status status="PASS" starttime="20231223 17:30:38.789" endtime="20231223 17:30:40.403"/>
</kw>
<kw name="Input Text" library="SeleniumLibrary">
<arg>name:username</arg>
<arg>${EMAIL}</arg>
<doc>Types the given ``text`` into the text field identified by ``locator``.</doc>
<msg timestamp="20231223 17:30:40.407" level="INFO">Typing text 'masrud' into text field 'name:username'.</msg>
<status status="PASS" starttime="20231223 17:30:40.406" endtime="20231223 17:30:40.547"/>
</kw>
<kw name="Input Text" library="SeleniumLibrary">
<arg>name:password</arg>
<arg>${PASS-2}</arg>
<doc>Types the given ``text`` into the text field identified by ``locator``.</doc>
<msg timestamp="20231223 17:30:40.547" level="INFO">Typing text 'xxs' into text field 'name:password'.</msg>
<status status="PASS" starttime="20231223 17:30:40.547" endtime="20231223 17:30:40.648"/>
</kw>
<kw name="Click Element" library="SeleniumLibrary">
<arg>xpath://button[@type='submit']</arg>
<doc>Click the element identified by ``locator``.</doc>
<msg timestamp="20231223 17:30:40.660" level="INFO">Clicking element 'xpath://button[@type='submit']'.</msg>
<status status="PASS" starttime="20231223 17:30:40.648" endtime="20231223 17:30:40.913"/>
</kw>
<kw name="Close Browser" library="SeleniumLibrary">
<doc>Closes the current browser.</doc>
<status status="PASS" starttime="20231223 17:30:40.913" endtime="20231223 17:30:43.077"/>
</kw>
<status status="PASS" starttime="20231223 17:30:38.789" endtime="20231223 17:30:43.078"/>
</test>
<test id="s1-t3" name="testcase-3" line="36">
<kw name="Login Success">
<kw name="Open Browser" library="SeleniumLibrary">
<arg>${HOST}</arg>
<arg>${BROWSER}</arg>
<doc>Opens a new browser instance to the optional ``url``.</doc>
<msg timestamp="20231223 17:30:43.078" level="INFO">Opening browser 'chrome' to base url 'http://localhost/testqa/login-main/'.</msg>
<status status="PASS" starttime="20231223 17:30:43.078" endtime="20231223 17:30:44.624"/>
</kw>
<kw name="Input Text" library="SeleniumLibrary">
<arg>name:username</arg>
<arg>${EMAIL}</arg>
<doc>Types the given ``text`` into the text field identified by ``locator``.</doc>
<msg timestamp="20231223 17:30:44.627" level="INFO">Typing text 'masrud' into text field 'name:username'.</msg>
<status status="PASS" starttime="20231223 17:30:44.624" endtime="20231223 17:30:44.753"/>
</kw>
<kw name="Input Text" library="SeleniumLibrary">
<arg>name:password</arg>
<arg>${PASS-1}</arg>
<doc>Types the given ``text`` into the text field identified by ``locator``.</doc>
<msg timestamp="20231223 17:30:44.753" level="INFO">Typing text 'masrud.com' into text field 'name:password'.</msg>
<status status="PASS" starttime="20231223 17:30:44.753" endtime="20231223 17:30:44.863"/>
</kw>
<kw name="Click Element" library="SeleniumLibrary">
<arg>xpath://button[@type='submit']</arg>
<doc>Click the element identified by ``locator``.</doc>
<msg timestamp="20231223 17:30:44.863" level="INFO">Clicking element 'xpath://button[@type='submit']'.</msg>
<status status="PASS" starttime="20231223 17:30:44.863" endtime="20231223 17:30:45.166"/>
</kw>
<status status="PASS" starttime="20231223 17:30:43.078" endtime="20231223 17:30:45.166"/>
</kw>
<kw name="Go To" library="SeleniumLibrary">
<arg>http://localhost/testqa/login-main/</arg>
<doc>Navigates the current browser window to the provided ``url``.</doc>
<msg timestamp="20231223 17:30:45.167" level="INFO">Opening url 'http://localhost/testqa/login-main/'</msg>
<status status="PASS" starttime="20231223 17:30:45.166" endtime="20231223 17:30:45.203"/>
</kw>
<kw name="Close Browser" library="SeleniumLibrary">
<doc>Closes the current browser.</doc>
<status status="PASS" starttime="20231223 17:30:45.203" endtime="20231223 17:30:47.363"/>
</kw>
<status status="PASS" starttime="20231223 17:30:43.078" endtime="20231223 17:30:47.363"/>
</test>
<status status="PASS" starttime="20231223 17:30:26.390" endtime="20231223 17:30:47.365"/>
</suite>
<statistics>
<total>
<stat pass="3" fail="0" skip="0">All Tests</stat>
</total>
<tag>
</tag>
<suite>
<stat pass="3" fail="0" skip="0" id="s1" name="Test-Suite-1">Test-Suite-1</stat>
</suite>
</statistics>
<errors>
</errors>
</robot>
